2023-04-18 11:04:54 0 [Note] Starting MariaDB 10.4.28-MariaDB source revision c8f2e9a5c0ac5905f28b050b7df5a9ffd914b7e7 as process 3844
2023-04-18 11:04:54 0 [Note] InnoDB: Mutexes and rw_locks use Windows interlocked functions
2023-04-18 11:04:54 0 [Note] InnoDB: Uses event mutexes
2023-04-18 11:04:54 0 [Note] InnoDB: Compressed tables use zlib 1.2.12
2023-04-18 11:04:54 0 [Note] InnoDB: Number of pools: 1
2023-04-18 11:04:54 0 [Note] InnoDB: Using SSE2 crc32 instructions
2023-04-18 11:04:54 0 [Note] InnoDB: Initializing buffer pool, total size = 16M, instances = 1, chunk size = 16M
2023-04-18 11:04:54 0 [Note] InnoDB: Completed initialization of buffer pool
2023-04-18 11:04:54 0 [Note] InnoDB: Starting crash recovery from checkpoint LSN=300288
2023-04-18 11:04:54 0 [Note] InnoDB: 128 out of 128 rollback segments are active.
2023-04-18 11:04:54 0 [Note] InnoDB: Removed temporary tablespace data file: "ibtmp1"
2023-04-18 11:04:54 0 [Note] InnoDB: Creating shared tablespace for temporary tables
2023-04-18 11:04:54 0 [Note] InnoDB: Setting file 'C:\xampp\mysql\data\ibtmp1' size to 12 MB. Physically writing the file full; Please wait ...
2023-04-18 11:04:54 0 [Note] InnoDB: File 'C:\xampp\mysql\data\ibtmp1' size is now 12 MB.
2023-04-18 11:04:54 0 [Note] InnoDB: Waiting for purge to start
2023-04-18 11:04:54 0 [Note] InnoDB: 10.4.28 started; log sequence number 300297; transaction id 170
2023-04-18 11:04:54 0 [Note] InnoDB: Loading buffer pool(s) from C:\xampp\mysql\data\ib_buffer_pool
2023-04-18 11:04:54 0 [Note] Plugin 'FEEDBACK' is disabled.
2023-04-18 11:04:54 0 [Note] Server socket created on IP: '::'.
2023-04-18 15:25:38 0 [Note] Starting MariaDB 10.4.28-MariaDB source revision c8f2e9a5c0ac5905f28b050b7df5a9ffd914b7e7 as process 11980
2023-04-18 15:25:38 0 [Note] InnoDB: Mutexes and rw_locks use Windows interlocked functions
2023-04-18 15:25:38 0 [Note] InnoDB: Uses event mutexes
2023-04-18 15:25:38 0 [Note] InnoDB: Compressed tables use zlib 1.2.12
2023-04-18 15:25:38 0 [Note] InnoDB: Number of pools: 1
2023-04-18 15:25:38 0 [Note] InnoDB: Using SSE2 crc32 instructions
2023-04-18 15:25:38 0 [Note] InnoDB: Initializing buffer pool, total size = 16M, instances = 1, chunk size = 16M
2023-04-18 15:25:38 0 [Note] InnoDB: Completed initialization of buffer pool
2023-04-18 15:25:38 0 [Note] InnoDB: Starting crash recovery from checkpoint LSN=303774
2023-04-18 15:25:38 0 [Note] InnoDB: 128 out of 128 rollback segments are active.
2023-04-18 15:25:38 0 [Note] InnoDB: Removed temporary tablespace data file: "ibtmp1"
2023-04-18 15:25:38 0 [Note] InnoDB: Creating shared tablespace for temporary tables
2023-04-18 15:25:38 0 [Note] InnoDB: Setting file 'C:\xampp\mysql\data\ibtmp1' size to 12 MB. Physically writing the file full; Please wait ...
2023-04-18 15:25:38 0 [Note] InnoDB: File 'C:\xampp\mysql\data\ibtmp1' size is now 12 MB.
2023-04-18 15:25:38 0 [Note] InnoDB: Waiting for purge to start
2023-04-18 15:25:38 0 [Note] InnoDB: 10.4.28 started; log sequence number 303783; transaction id 193
2023-04-18 15:25:38 0 [Note] InnoDB: Loading buffer pool(s) from C:\xampp\mysql\data\ib_buffer_pool
2023-04-18 15:25:38 0 [Note] Plugin 'FEEDBACK' is disabled.
2023-04-18 15:25:38 0 [Note] Server socket created on IP: '::'.
2023-04-25  8:57:55 0 [Note] Starting MariaDB 10.4.28-MariaDB source revision c8f2e9a5c0ac5905f28b050b7df5a9ffd914b7e7 as process 7060
2023-04-25  8:57:55 0 [Note] InnoDB: Mutexes and rw_locks use Windows interlocked functions
2023-04-25  8:57:55 0 [Note] InnoDB: Uses event mutexes
2023-04-25  8:57:55 0 [Note] InnoDB: Compressed tables use zlib 1.2.12
2023-04-25  8:57:55 0 [Note] InnoDB: Number of pools: 1
2023-04-25  8:57:55 0 [Note] InnoDB: Using SSE2 crc32 instructions
2023-04-25  8:57:55 0 [Note] InnoDB: Initializing buffer pool, total size = 16M, instances = 1, chunk size = 16M
2023-04-25  8:57:55 0 [Note] InnoDB: Completed initialization of buffer pool
2023-04-25  8:57:55 0 [Note] InnoDB: Starting crash recovery from checkpoint LSN=321170
2023-04-25  8:57:55 0 [Note] InnoDB: 128 out of 128 rollback segments are active.
2023-04-25  8:57:55 0 [Note] InnoDB: Removed temporary tablespace data file: "ibtmp1"
2023-04-25  8:57:55 0 [Note] InnoDB: Creating shared tablespace for temporary tables
2023-04-25  8:57:55 0 [Note] InnoDB: Setting file 'C:\xampp\mysql\data\ibtmp1' size to 12 MB. Physically writing the file full; Please wait ...
2023-04-25  8:57:55 0 [Note] InnoDB: File 'C:\xampp\mysql\data\ibtmp1' size is now 12 MB.
2023-04-25  8:57:55 0 [Note] InnoDB: Waiting for purge to start
2023-04-25  8:57:55 0 [Note] InnoDB: 10.4.28 started; log sequence number 321179; transaction id 263
2023-04-25  8:57:55 0 [Note] InnoDB: Loading buffer pool(s) from C:\xampp\mysql\data\ib_buffer_pool
2023-04-25  8:57:55 0 [Note] Plugin 'FEEDBACK' is disabled.
2023-04-25  8:57:55 0 [Note] InnoDB: Buffer pool(s) load completed at 230425  8:57:55
2023-04-25  8:57:56 0 [Note] Server socket created on IP: '::'.
2023-04-25 13:41:25 0 [Note] Starting MariaDB 10.4.28-MariaDB source revision c8f2e9a5c0ac5905f28b050b7df5a9ffd914b7e7 as process 9724
2023-04-25 13:41:25 0 [Note] InnoDB: Mutexes and rw_locks use Windows interlocked functions
2023-04-25 13:41:25 0 [Note] InnoDB: Uses event mutexes
2023-04-25 13:41:25 0 [Note] InnoDB: Compressed tables use zlib 1.2.12
2023-04-25 13:41:25 0 [Note] InnoDB: Number of pools: 1
2023-04-25 13:41:25 0 [Note] InnoDB: Using SSE2 crc32 instructions
2023-04-25 13:41:25 0 [Note] InnoDB: Initializing buffer pool, total size = 16M, instances = 1, chunk size = 16M
2023-04-25 13:41:25 0 [Note] InnoDB: Completed initialization of buffer pool
2023-04-25 13:41:25 0 [Note] InnoDB: Starting crash recovery from checkpoint LSN=321690
2023-04-25 13:41:25 0 [Note] InnoDB: 128 out of 128 rollback segments are active.
2023-04-25 13:41:25 0 [Note] InnoDB: Removed temporary tablespace data file: "ibtmp1"
2023-04-25 13:41:25 0 [Note] InnoDB: Creating shared tablespace for temporary tables
2023-04-25 13:41:25 0 [Note] InnoDB: Setting file 'C:\xampp\mysql\data\ibtmp1' size to 12 MB. Physically writing the file full; Please wait ...
2023-04-25 13:41:25 0 [Note] InnoDB: File 'C:\xampp\mysql\data\ibtmp1' size is now 12 MB.
2023-04-25 13:41:25 0 [Note] InnoDB: Waiting for purge to start
2023-04-25 13:41:25 0 [Note] InnoDB: 10.4.28 started; log sequence number 321699; transaction id 287
2023-04-25 13:41:25 0 [Note] InnoDB: Loading buffer pool(s) from C:\xampp\mysql\data\ib_buffer_pool
2023-04-25 13:41:25 0 [Note] Plugin 'FEEDBACK' is disabled.
2023-04-25 13:41:25 0 [Note] Server socket created on IP: '::'.
2023-04-26  8:11:00 0 [Note] Starting MariaDB 10.4.28-MariaDB source revision c8f2e9a5c0ac5905f28b050b7df5a9ffd914b7e7 as process 11104
2023-04-26  8:11:00 0 [Note] InnoDB: Mutexes and rw_locks use Windows interlocked functions
2023-04-26  8:11:00 0 [Note] InnoDB: Uses event mutexes
2023-04-26  8:11:00 0 [Note] InnoDB: Compressed tables use zlib 1.2.12
2023-04-26  8:11:00 0 [Note] InnoDB: Number of pools: 1
2023-04-26  8:11:00 0 [Note] InnoDB: Using SSE2 crc32 instructions
2023-04-26  8:11:00 0 [Note] InnoDB: Initializing buffer pool, total size = 16M, instances = 1, chunk size = 16M
2023-04-26  8:11:00 0 [Note] InnoDB: Completed initialization of buffer pool
2023-04-26  8:11:00 0 [Note] InnoDB: Starting crash recovery from checkpoint LSN=329620
2023-04-26  8:11:00 0 [Note] InnoDB: 128 out of 128 rollback segments are active.
2023-04-26  8:11:00 0 [Note] InnoDB: Removed temporary tablespace data file: "ibtmp1"
2023-04-26  8:11:00 0 [Note] InnoDB: Creating shared tablespace for temporary tables
2023-04-26  8:11:00 0 [Note] InnoDB: Setting file 'C:\xampp\mysql\data\ibtmp1' size to 12 MB. Physically writing the file full; Please wait ...
2023-04-26  8:11:00 0 [Note] InnoDB: File 'C:\xampp\mysql\data\ibtmp1' size is now 12 MB.
2023-04-26  8:11:00 0 [Note] InnoDB: Waiting for purge to start
2023-04-26  8:11:00 0 [Note] InnoDB: 10.4.28 started; log sequence number 329629; transaction id 313
2023-04-26  8:11:00 0 [Note] InnoDB: Loading buffer pool(s) from C:\xampp\mysql\data\ib_buffer_pool
2023-04-26  8:11:00 0 [Note] Plugin 'FEEDBACK' is disabled.
2023-04-26  8:11:00 0 [Note] InnoDB: Buffer pool(s) load completed at 230426  8:11:00
2023-04-26  8:11:00 0 [Note] Server socket created on IP: '::'.
2023-04-27  8:40:47 0 [Note] Starting MariaDB 10.4.28-MariaDB source revision c8f2e9a5c0ac5905f28b050b7df5a9ffd914b7e7 as process 8840
2023-04-27  8:40:47 0 [Note] InnoDB: Mutexes and rw_locks use Windows interlocked functions
2023-04-27  8:40:47 0 [Note] InnoDB: Uses event mutexes
2023-04-27  8:40:47 0 [Note] InnoDB: Compressed tables use zlib 1.2.12
2023-04-27  8:40:47 0 [Note] InnoDB: Number of pools: 1
2023-04-27  8:40:47 0 [Note] InnoDB: Using SSE2 crc32 instructions
2023-04-27  8:40:47 0 [Note] InnoDB: Initializing buffer pool, total size = 16M, instances = 1, chunk size = 16M
2023-04-27  8:40:47 0 [Note] InnoDB: Completed initialization of buffer pool
2023-04-27  8:40:47 0 [Note] InnoDB: Starting crash recovery from checkpoint LSN=349173
2023-04-27  8:40:47 0 [Note] InnoDB: 128 out of 128 rollback segments are active.
2023-04-27  8:40:47 0 [Note] InnoDB: Removed temporary tablespace data file: "ibtmp1"
2023-04-27  8:40:47 0 [Note] InnoDB: Creating shared tablespace for temporary tables
2023-04-27  8:40:47 0 [Note] InnoDB: Setting file 'C:\xampp\mysql\data\ibtmp1' size to 12 MB. Physically writing the file full; Please wait ...
2023-04-27  8:40:47 0 [Note] InnoDB: File 'C:\xampp\mysql\data\ibtmp1' size is now 12 MB.
2023-04-27  8:40:47 0 [Note] InnoDB: Waiting for purge to start
2023-04-27  8:40:48 0 [Note] InnoDB: 10.4.28 started; log sequence number 349198; transaction id 379
2023-04-27  8:40:48 0 [Note] InnoDB: Loading buffer pool(s) from C:\xampp\mysql\data\ib_buffer_pool
2023-04-27  8:40:48 0 [Note] Plugin 'FEEDBACK' is disabled.
2023-04-27  8:40:48 0 [Note] InnoDB: Buffer pool(s) load completed at 230427  8:40:48
2023-04-27  8:40:48 0 [Note] Server socket created on IP: '::'.
