[Tue Apr 18 10:49:52.803629 2023] [ssl:warn] [pid 12220:tid 408] AH01909: www.example.com:443:0 server certificate does NOT include an ID which matches the server name
[Tue Apr 18 10:49:52.850577 2023] [ssl:warn] [pid 12220:tid 408] AH01909: www.example.com:443:0 server certificate does NOT include an ID which matches the server name
[Tue Apr 18 10:49:52.918380 2023] [mpm_winnt:notice] [pid 12220:tid 408] AH00455: Apache/2.4.56 (Win64) OpenSSL/1.1.1t PHP/8.2.4 configured -- resuming normal operations
[Tue Apr 18 10:49:52.918380 2023] [mpm_winnt:notice] [pid 12220:tid 408] AH00456: Apache Lounge VS16 Server built: Mar  7 2023 13:21:03
[Tue Apr 18 10:49:52.918380 2023] [core:notice] [pid 12220:tid 408] AH00094: Command line: 'C:\\xampp\\apache\\bin\\httpd.exe -d C:/xampp/apache'
[Tue Apr 18 10:49:52.922951 2023] [mpm_winnt:notice] [pid 12220:tid 408] AH00418: Parent: Created child process 5036
[Tue Apr 18 10:49:53.283233 2023] [ssl:warn] [pid 5036:tid 388] AH01909: www.example.com:443:0 server certificate does NOT include an ID which matches the server name
[Tue Apr 18 10:49:53.323193 2023] [ssl:warn] [pid 5036:tid 388] AH01909: www.example.com:443:0 server certificate does NOT include an ID which matches the server name
[Tue Apr 18 10:49:53.371297 2023] [mpm_winnt:notice] [pid 5036:tid 388] AH00354: Child: Starting 150 worker threads.
[Tue Apr 18 11:04:51.978867 2023] [ssl:warn] [pid 7432:tid 404] AH01909: www.example.com:443:0 server certificate does NOT include an ID which matches the server name
[Tue Apr 18 11:04:52.032719 2023] [ssl:warn] [pid 7432:tid 404] AH01909: www.example.com:443:0 server certificate does NOT include an ID which matches the server name
[Tue Apr 18 11:04:52.078693 2023] [mpm_winnt:notice] [pid 7432:tid 404] AH00455: Apache/2.4.56 (Win64) OpenSSL/1.1.1t PHP/8.2.4 configured -- resuming normal operations
[Tue Apr 18 11:04:52.078693 2023] [mpm_winnt:notice] [pid 7432:tid 404] AH00456: Apache Lounge VS16 Server built: Mar  7 2023 13:21:03
[Tue Apr 18 11:04:52.078693 2023] [core:notice] [pid 7432:tid 404] AH00094: Command line: 'c:\\xampp\\apache\\bin\\httpd.exe -d C:/xampp/apache'
[Tue Apr 18 11:04:52.082083 2023] [mpm_winnt:notice] [pid 7432:tid 404] AH00418: Parent: Created child process 7356
[Tue Apr 18 11:04:52.641725 2023] [ssl:warn] [pid 7356:tid 424] AH01909: www.example.com:443:0 server certificate does NOT include an ID which matches the server name
[Tue Apr 18 11:04:52.685312 2023] [ssl:warn] [pid 7356:tid 424] AH01909: www.example.com:443:0 server certificate does NOT include an ID which matches the server name
[Tue Apr 18 11:04:52.736645 2023] [mpm_winnt:notice] [pid 7356:tid 424] AH00354: Child: Starting 150 worker threads.
[Tue Apr 18 15:25:38.146843 2023] [ssl:warn] [pid 8628:tid 408] AH01909: www.example.com:443:0 server certificate does NOT include an ID which matches the server name
[Tue Apr 18 15:25:38.197083 2023] [core:warn] [pid 8628:tid 408] AH00098: pid file C:/xampp/apache/logs/httpd.pid overwritten -- Unclean shutdown of previous Apache run?
[Tue Apr 18 15:25:38.201072 2023] [ssl:warn] [pid 8628:tid 408] AH01909: www.example.com:443:0 server certificate does NOT include an ID which matches the server name
[Tue Apr 18 15:25:38.251937 2023] [mpm_winnt:notice] [pid 8628:tid 408] AH00455: Apache/2.4.56 (Win64) OpenSSL/1.1.1t PHP/8.2.4 configured -- resuming normal operations
[Tue Apr 18 15:25:38.251937 2023] [mpm_winnt:notice] [pid 8628:tid 408] AH00456: Apache Lounge VS16 Server built: Mar  7 2023 13:21:03
[Tue Apr 18 15:25:38.251937 2023] [core:notice] [pid 8628:tid 408] AH00094: Command line: 'c:\\xampp\\apache\\bin\\httpd.exe -d C:/xampp/apache'
[Tue Apr 18 15:25:38.257100 2023] [mpm_winnt:notice] [pid 8628:tid 408] AH00418: Parent: Created child process 5448
[Tue Apr 18 15:25:38.835662 2023] [ssl:warn] [pid 5448:tid 432] AH01909: www.example.com:443:0 server certificate does NOT include an ID which matches the server name
[Tue Apr 18 15:25:38.880142 2023] [ssl:warn] [pid 5448:tid 432] AH01909: www.example.com:443:0 server certificate does NOT include an ID which matches the server name
[Tue Apr 18 15:25:38.928309 2023] [mpm_winnt:notice] [pid 5448:tid 432] AH00354: Child: Starting 150 worker threads.
[Tue Apr 25 08:57:56.673471 2023] [ssl:warn] [pid 1660:tid 68] AH01909: www.example.com:443:0 server certificate does NOT include an ID which matches the server name
[Tue Apr 25 08:57:56.737307 2023] [core:warn] [pid 1660:tid 68] AH00098: pid file C:/xampp/apache/logs/httpd.pid overwritten -- Unclean shutdown of previous Apache run?
[Tue Apr 25 08:57:56.745278 2023] [ssl:warn] [pid 1660:tid 68] AH01909: www.example.com:443:0 server certificate does NOT include an ID which matches the server name
[Tue Apr 25 08:57:57.317747 2023] [mpm_winnt:notice] [pid 1660:tid 68] AH00455: Apache/2.4.56 (Win64) OpenSSL/1.1.1t PHP/8.2.4 configured -- resuming normal operations
[Tue Apr 25 08:57:57.317747 2023] [mpm_winnt:notice] [pid 1660:tid 68] AH00456: Apache Lounge VS16 Server built: Mar  7 2023 13:21:03
[Tue Apr 25 08:57:57.317747 2023] [core:notice] [pid 1660:tid 68] AH00094: Command line: 'c:\\xampp\\apache\\bin\\httpd.exe -d C:/xampp/apache'
[Tue Apr 25 08:57:57.346672 2023] [mpm_winnt:notice] [pid 1660:tid 68] AH00418: Parent: Created child process 6208
[Tue Apr 25 08:57:58.575383 2023] [ssl:warn] [pid 6208:tid 404] AH01909: www.example.com:443:0 server certificate does NOT include an ID which matches the server name
[Tue Apr 25 08:57:58.634226 2023] [ssl:warn] [pid 6208:tid 404] AH01909: www.example.com:443:0 server certificate does NOT include an ID which matches the server name
[Tue Apr 25 08:57:58.706035 2023] [mpm_winnt:notice] [pid 6208:tid 404] AH00354: Child: Starting 150 worker threads.
[Tue Apr 25 13:41:25.120281 2023] [ssl:warn] [pid 11880:tid 436] AH01909: www.example.com:443:0 server certificate does NOT include an ID which matches the server name
[Tue Apr 25 13:41:25.161170 2023] [core:warn] [pid 11880:tid 436] AH00098: pid file C:/xampp/apache/logs/httpd.pid overwritten -- Unclean shutdown of previous Apache run?
[Tue Apr 25 13:41:25.165160 2023] [ssl:warn] [pid 11880:tid 436] AH01909: www.example.com:443:0 server certificate does NOT include an ID which matches the server name
[Tue Apr 25 13:41:25.219015 2023] [mpm_winnt:notice] [pid 11880:tid 436] AH00455: Apache/2.4.56 (Win64) OpenSSL/1.1.1t PHP/8.2.4 configured -- resuming normal operations
[Tue Apr 25 13:41:25.219015 2023] [mpm_winnt:notice] [pid 11880:tid 436] AH00456: Apache Lounge VS16 Server built: Mar  7 2023 13:21:03
[Tue Apr 25 13:41:25.219015 2023] [core:notice] [pid 11880:tid 436] AH00094: Command line: 'c:\\xampp\\apache\\bin\\httpd.exe -d C:/xampp/apache'
[Tue Apr 25 13:41:25.223005 2023] [mpm_winnt:notice] [pid 11880:tid 436] AH00418: Parent: Created child process 5660
[Tue Apr 25 13:41:25.798466 2023] [ssl:warn] [pid 5660:tid 428] AH01909: www.example.com:443:0 server certificate does NOT include an ID which matches the server name
[Tue Apr 25 13:41:25.872269 2023] [ssl:warn] [pid 5660:tid 428] AH01909: www.example.com:443:0 server certificate does NOT include an ID which matches the server name
[Tue Apr 25 13:41:25.937097 2023] [mpm_winnt:notice] [pid 5660:tid 428] AH00354: Child: Starting 150 worker threads.
[Wed Apr 26 08:11:00.894178 2023] [ssl:warn] [pid 10404:tid 412] AH01909: www.example.com:443:0 server certificate does NOT include an ID which matches the server name
[Wed Apr 26 08:11:00.955015 2023] [core:warn] [pid 10404:tid 412] AH00098: pid file C:/xampp/apache/logs/httpd.pid overwritten -- Unclean shutdown of previous Apache run?
[Wed Apr 26 08:11:00.965985 2023] [ssl:warn] [pid 10404:tid 412] AH01909: www.example.com:443:0 server certificate does NOT include an ID which matches the server name
[Wed Apr 26 08:11:01.303085 2023] [mpm_winnt:notice] [pid 10404:tid 412] AH00455: Apache/2.4.56 (Win64) OpenSSL/1.1.1t PHP/8.2.4 configured -- resuming normal operations
[Wed Apr 26 08:11:01.303085 2023] [mpm_winnt:notice] [pid 10404:tid 412] AH00456: Apache Lounge VS16 Server built: Mar  7 2023 13:21:03
[Wed Apr 26 08:11:01.303085 2023] [core:notice] [pid 10404:tid 412] AH00094: Command line: 'c:\\xampp\\apache\\bin\\httpd.exe -d C:/xampp/apache'
[Wed Apr 26 08:11:01.307075 2023] [mpm_winnt:notice] [pid 10404:tid 412] AH00418: Parent: Created child process 4588
[Wed Apr 26 08:11:01.879541 2023] [ssl:warn] [pid 4588:tid 408] AH01909: www.example.com:443:0 server certificate does NOT include an ID which matches the server name
[Wed Apr 26 08:11:01.927454 2023] [ssl:warn] [pid 4588:tid 408] AH01909: www.example.com:443:0 server certificate does NOT include an ID which matches the server name
[Wed Apr 26 08:11:01.977321 2023] [mpm_winnt:notice] [pid 4588:tid 408] AH00354: Child: Starting 150 worker threads.
[Thu Apr 27 08:40:47.751483 2023] [ssl:warn] [pid 12228:tid 404] AH01909: www.example.com:443:0 server certificate does NOT include an ID which matches the server name
[Thu Apr 27 08:40:47.795366 2023] [core:warn] [pid 12228:tid 404] AH00098: pid file C:/xampp/apache/logs/httpd.pid overwritten -- Unclean shutdown of previous Apache run?
[Thu Apr 27 08:40:47.803345 2023] [ssl:warn] [pid 12228:tid 404] AH01909: www.example.com:443:0 server certificate does NOT include an ID which matches the server name
[Thu Apr 27 08:40:48.170363 2023] [mpm_winnt:notice] [pid 12228:tid 404] AH00455: Apache/2.4.56 (Win64) OpenSSL/1.1.1t PHP/8.2.4 configured -- resuming normal operations
[Thu Apr 27 08:40:48.170363 2023] [mpm_winnt:notice] [pid 12228:tid 404] AH00456: Apache Lounge VS16 Server built: Mar  7 2023 13:21:03
[Thu Apr 27 08:40:48.170363 2023] [core:notice] [pid 12228:tid 404] AH00094: Command line: 'c:\\xampp\\apache\\bin\\httpd.exe -d C:/xampp/apache'
[Thu Apr 27 08:40:48.174353 2023] [mpm_winnt:notice] [pid 12228:tid 404] AH00418: Parent: Created child process 7920
[Thu Apr 27 08:40:48.690972 2023] [ssl:warn] [pid 7920:tid 440] AH01909: www.example.com:443:0 server certificate does NOT include an ID which matches the server name
[Thu Apr 27 08:40:48.744827 2023] [ssl:warn] [pid 7920:tid 440] AH01909: www.example.com:443:0 server certificate does NOT include an ID which matches the server name
[Thu Apr 27 08:40:48.793695 2023] [mpm_winnt:notice] [pid 7920:tid 440] AH00354: Child: Starting 150 worker threads.
